<?xml version="1.0" encoding="UTF-8"?>
<!-- Generated by org.testng.reporters.JUnitReportReporter -->
<testsuite hostname="suraj-PC" name="com.google.tests.GoogleHomePageTest" tests="1" failures="0" timestamp="23 Mar 2018 09:05:59 GMT" time="7.779" errors="0">
  <testcase name="verifyGooglePageTittle" time="7.779" classname="com.google.tests.GoogleHomePageTest"/>
</testsuite> <!-- com.google.tests.GoogleHomePageTest -->
