<?xml version="1.0" encoding="UTF-8"?>
<testsuite xmlns:xsi="http://www.w3.org/2001/XMLSchema-instance" xsi:noNamespaceSchemaLocation="https://maven.apache.org/surefire/maven-failsafe-plugin/xsd/failsafe-test-report.xsd" name="TestSuite" time="8.493" tests="1" errors="0" skipped="0" failures="1">
  <properties>
    <property name="sun.desktop" value="gnome"/>
    <property name="awt.toolkit" value="sun.awt.X11.XToolkit"/>
    <property name="file.encoding.pkg" value="sun.io"/>
    <property name="java.specification.version" value="1.8"/>
    <property name="sun.cpu.isalist" value=""/>
    <property name="sun.jnu.encoding" value="UTF-8"/>
    <property name="java.class.path" value="/home/suraj/eclipse-workspace/mavenProject/target/test-classes:/home/suraj/eclipse-workspace/mavenProject/target/classes:/home/suraj/.m2/repository/org/seleniumhq/selenium/selenium-java/2.45.0/selenium-java-2.45.0.jar:/home/suraj/.m2/repository/org/seleniumhq/selenium/selenium-chrome-driver/2.45.0/selenium-chrome-driver-2.45.0.jar:/home/suraj/.m2/repository/org/seleniumhq/selenium/selenium-remote-driver/2.45.0/selenium-remote-driver-2.45.0.jar:/home/suraj/.m2/repository/cglib/cglib-nodep/2.1_3/cglib-nodep-2.1_3.jar:/home/suraj/.m2/repository/com/google/code/gson/gson/2.3.1/gson-2.3.1.jar:/home/suraj/.m2/repository/org/seleniumhq/selenium/selenium-api/2.45.0/selenium-api-2.45.0.jar:/home/suraj/.m2/repository/com/google/guava/guava/18.0/guava-18.0.jar:/home/suraj/.m2/repository/org/seleniumhq/selenium/selenium-htmlunit-driver/2.45.0/selenium-htmlunit-driver-2.45.0.jar:/home/suraj/.m2/repository/net/sourceforge/htmlunit/htmlunit/2.15/htmlunit-2.15.jar:/home/suraj/.m2/repository/xalan/xalan/2.7.1/xalan-2.7.1.jar:/home/suraj/.m2/repository/xalan/serializer/2.7.1/serializer-2.7.1.jar:/home/suraj/.m2/repository/commons-collections/commons-collections/3.2.1/commons-collections-3.2.1.jar:/home/suraj/.m2/repository/org/apache/commons/commons-lang3/3.3.2/commons-lang3-3.3.2.jar:/home/suraj/.m2/repository/org/apache/httpcomponents/httpmime/4.3.3/httpmime-4.3.3.jar:/home/suraj/.m2/repository/commons-codec/commons-codec/1.9/commons-codec-1.9.jar:/home/suraj/.m2/repository/net/sourceforge/htmlunit/htmlunit-core-js/2.15/htmlunit-core-js-2.15.jar:/home/suraj/.m2/repository/xerces/xercesImpl/2.11.0/xercesImpl-2.11.0.jar:/home/suraj/.m2/repository/xml-apis/xml-apis/1.4.01/xml-apis-1.4.01.jar:/home/suraj/.m2/repository/net/sourceforge/nekohtml/nekohtml/1.9.21/nekohtml-1.9.21.jar:/home/suraj/.m2/repository/net/sourceforge/cssparser/cssparser/0.9.14/cssparser-0.9.14.jar:/home/suraj/.m2/repository/org/w3c/css/sac/1.3/sac-1.3.jar:/home/suraj/.m2/repository/commons-logging/commons-logging/1.1.3/commons-logging-1.1.3.jar:/home/suraj/.m2/repository/org/eclipse/jetty/jetty-websocket/8.1.15.v20140411/jetty-websocket-8.1.15.v20140411.jar:/home/suraj/.m2/repository/org/eclipse/jetty/jetty-util/8.1.15.v20140411/jetty-util-8.1.15.v20140411.jar:/home/suraj/.m2/repository/org/eclipse/jetty/jetty-io/8.1.15.v20140411/jetty-io-8.1.15.v20140411.jar:/home/suraj/.m2/repository/org/eclipse/jetty/jetty-http/8.1.15.v20140411/jetty-http-8.1.15.v20140411.jar:/home/suraj/.m2/repository/org/apache/httpcomponents/httpclient/4.3.6/httpclient-4.3.6.jar:/home/suraj/.m2/repository/org/apache/httpcomponents/httpcore/4.3.3/httpcore-4.3.3.jar:/home/suraj/.m2/repository/org/seleniumhq/selenium/selenium-firefox-driver/2.45.0/selenium-firefox-driver-2.45.0.jar:/home/suraj/.m2/repository/org/apache/commons/commons-exec/1.1/commons-exec-1.1.jar:/home/suraj/.m2/repository/org/seleniumhq/selenium/selenium-ie-driver/2.45.0/selenium-ie-driver-2.45.0.jar:/home/suraj/.m2/repository/net/java/dev/jna/jna/3.4.0/jna-3.4.0.jar:/home/suraj/.m2/repository/net/java/dev/jna/platform/3.4.0/platform-3.4.0.jar:/home/suraj/.m2/repository/org/seleniumhq/selenium/selenium-safari-driver/2.45.0/selenium-safari-driver-2.45.0.jar:/home/suraj/.m2/repository/org/seleniumhq/selenium/selenium-support/2.45.0/selenium-support-2.45.0.jar:/home/suraj/.m2/repository/org/webbitserver/webbit/0.4.14/webbit-0.4.14.jar:/home/suraj/.m2/repository/io/netty/netty/3.5.2.Final/netty-3.5.2.Final.jar:/home/suraj/.m2/repository/org/seleniumhq/selenium/selenium-leg-rc/2.45.0/selenium-leg-rc-2.45.0.jar:/home/suraj/.m2/repository/org/testng/testng/6.8.8/testng-6.8.8.jar:/home/suraj/.m2/repository/org/beanshell/bsh/2.0b4/bsh-2.0b4.jar:/home/suraj/.m2/repository/com/beust/jcommander/1.27/jcommander-1.27.jar:/home/suraj/.m2/repository/mysql/mysql-connector-java/8.0.9-rc/mysql-connector-java-8.0.9-rc.jar:/home/suraj/.m2/repository/javax/servlet/javax.servlet-api/3.0.1/javax.servlet-api-3.0.1.jar:/home/suraj/.m2/repository/org/json/json/20090211/json-20090211.jar:/home/suraj/.m2/repository/joda-time/joda-time/2.1/joda-time-2.1.jar:/home/suraj/.m2/repository/commons-io/commons-io/2.4/commons-io-2.4.jar:/home/suraj/.m2/repository/commons-fileupload/commons-fileupload/1.3.3/commons-fileupload-1.3.3.jar:/home/suraj/.m2/repository/org/apache/maven/surefire/surefire-testng-utils/2.21.0/surefire-testng-utils-2.21.0.jar:/home/suraj/.m2/repository/org/apache/maven/surefire/surefire-grouper/2.21.0/surefire-grouper-2.21.0.jar:"/>
    <property name="java.vm.vendor" value="Oracle Corporation"/>
    <property name="sun.arch.data.model" value="64"/>
    <property name="java.vendor.url" value="http://java.oracle.com/"/>
    <property name="user.timezone" value=""/>
    <property name="java.vm.specification.version" value="1.8"/>
    <property name="os.name" value="Linux"/>
    <property name="user.country" value="IN"/>
    <property name="sun.java.launcher" value="SUN_STANDARD"/>
    <property name="sun.boot.library.path" value="/usr/lib/jvm/java-8-openjdk-amd64/jre/lib/amd64"/>
    <property name="sun.java.command" value="/home/suraj/eclipse-workspace/mavenProject/target/surefire/surefirebooter385892523991820172.jar /home/suraj/eclipse-workspace/mavenProject/target/surefire 2018-04-27T11-02-45_157-jvmRun1 surefire5615379565302114320tmp surefire_01813992079842883429tmp"/>
    <property name="surefire.test.class.path" value="/home/suraj/eclipse-workspace/mavenProject/target/test-classes:/home/suraj/eclipse-workspace/mavenProject/target/classes:/home/suraj/.m2/repository/org/seleniumhq/selenium/selenium-java/2.45.0/selenium-java-2.45.0.jar:/home/suraj/.m2/repository/org/seleniumhq/selenium/selenium-chrome-driver/2.45.0/selenium-chrome-driver-2.45.0.jar:/home/suraj/.m2/repository/org/seleniumhq/selenium/selenium-remote-driver/2.45.0/selenium-remote-driver-2.45.0.jar:/home/suraj/.m2/repository/cglib/cglib-nodep/2.1_3/cglib-nodep-2.1_3.jar:/home/suraj/.m2/repository/com/google/code/gson/gson/2.3.1/gson-2.3.1.jar:/home/suraj/.m2/repository/org/seleniumhq/selenium/selenium-api/2.45.0/selenium-api-2.45.0.jar:/home/suraj/.m2/repository/com/google/guava/guava/18.0/guava-18.0.jar:/home/suraj/.m2/repository/org/seleniumhq/selenium/selenium-htmlunit-driver/2.45.0/selenium-htmlunit-driver-2.45.0.jar:/home/suraj/.m2/repository/net/sourceforge/htmlunit/htmlunit/2.15/htmlunit-2.15.jar:/home/suraj/.m2/repository/xalan/xalan/2.7.1/xalan-2.7.1.jar:/home/suraj/.m2/repository/xalan/serializer/2.7.1/serializer-2.7.1.jar:/home/suraj/.m2/repository/commons-collections/commons-collections/3.2.1/commons-collections-3.2.1.jar:/home/suraj/.m2/repository/org/apache/commons/commons-lang3/3.3.2/commons-lang3-3.3.2.jar:/home/suraj/.m2/repository/org/apache/httpcomponents/httpmime/4.3.3/httpmime-4.3.3.jar:/home/suraj/.m2/repository/commons-codec/commons-codec/1.9/commons-codec-1.9.jar:/home/suraj/.m2/repository/net/sourceforge/htmlunit/htmlunit-core-js/2.15/htmlunit-core-js-2.15.jar:/home/suraj/.m2/repository/xerces/xercesImpl/2.11.0/xercesImpl-2.11.0.jar:/home/suraj/.m2/repository/xml-apis/xml-apis/1.4.01/xml-apis-1.4.01.jar:/home/suraj/.m2/repository/net/sourceforge/nekohtml/nekohtml/1.9.21/nekohtml-1.9.21.jar:/home/suraj/.m2/repository/net/sourceforge/cssparser/cssparser/0.9.14/cssparser-0.9.14.jar:/home/suraj/.m2/repository/org/w3c/css/sac/1.3/sac-1.3.jar:/home/suraj/.m2/repository/commons-logging/commons-logging/1.1.3/commons-logging-1.1.3.jar:/home/suraj/.m2/repository/org/eclipse/jetty/jetty-websocket/8.1.15.v20140411/jetty-websocket-8.1.15.v20140411.jar:/home/suraj/.m2/repository/org/eclipse/jetty/jetty-util/8.1.15.v20140411/jetty-util-8.1.15.v20140411.jar:/home/suraj/.m2/repository/org/eclipse/jetty/jetty-io/8.1.15.v20140411/jetty-io-8.1.15.v20140411.jar:/home/suraj/.m2/repository/org/eclipse/jetty/jetty-http/8.1.15.v20140411/jetty-http-8.1.15.v20140411.jar:/home/suraj/.m2/repository/org/apache/httpcomponents/httpclient/4.3.6/httpclient-4.3.6.jar:/home/suraj/.m2/repository/org/apache/httpcomponents/httpcore/4.3.3/httpcore-4.3.3.jar:/home/suraj/.m2/repository/org/seleniumhq/selenium/selenium-firefox-driver/2.45.0/selenium-firefox-driver-2.45.0.jar:/home/suraj/.m2/repository/org/apache/commons/commons-exec/1.1/commons-exec-1.1.jar:/home/suraj/.m2/repository/org/seleniumhq/selenium/selenium-ie-driver/2.45.0/selenium-ie-driver-2.45.0.jar:/home/suraj/.m2/repository/net/java/dev/jna/jna/3.4.0/jna-3.4.0.jar:/home/suraj/.m2/repository/net/java/dev/jna/platform/3.4.0/platform-3.4.0.jar:/home/suraj/.m2/repository/org/seleniumhq/selenium/selenium-safari-driver/2.45.0/selenium-safari-driver-2.45.0.jar:/home/suraj/.m2/repository/org/seleniumhq/selenium/selenium-support/2.45.0/selenium-support-2.45.0.jar:/home/suraj/.m2/repository/org/webbitserver/webbit/0.4.14/webbit-0.4.14.jar:/home/suraj/.m2/repository/io/netty/netty/3.5.2.Final/netty-3.5.2.Final.jar:/home/suraj/.m2/repository/org/seleniumhq/selenium/selenium-leg-rc/2.45.0/selenium-leg-rc-2.45.0.jar:/home/suraj/.m2/repository/org/testng/testng/6.8.8/testng-6.8.8.jar:/home/suraj/.m2/repository/org/beanshell/bsh/2.0b4/bsh-2.0b4.jar:/home/suraj/.m2/repository/com/beust/jcommander/1.27/jcommander-1.27.jar:/home/suraj/.m2/repository/mysql/mysql-connector-java/8.0.9-rc/mysql-connector-java-8.0.9-rc.jar:/home/suraj/.m2/repository/javax/servlet/javax.servlet-api/3.0.1/javax.servlet-api-3.0.1.jar:/home/suraj/.m2/repository/org/json/json/20090211/json-20090211.jar:/home/suraj/.m2/repository/joda-time/joda-time/2.1/joda-time-2.1.jar:/home/suraj/.m2/repository/commons-io/commons-io/2.4/commons-io-2.4.jar:/home/suraj/.m2/repository/commons-fileupload/commons-fileupload/1.3.3/commons-fileupload-1.3.3.jar:/home/suraj/.m2/repository/org/apache/maven/surefire/surefire-testng-utils/2.21.0/surefire-testng-utils-2.21.0.jar:/home/suraj/.m2/repository/org/apache/maven/surefire/surefire-grouper/2.21.0/surefire-grouper-2.21.0.jar:"/>
    <property name="sun.cpu.endian" value="little"/>
    <property name="user.home" value="/home/suraj"/>
    <property name="user.language" value="en"/>
    <property name="java.specification.vendor" value="Oracle Corporation"/>
    <property name="java.home" value="/usr/lib/jvm/java-8-openjdk-amd64/jre"/>
    <property name="basedir" value="/home/suraj/eclipse-workspace/mavenProject"/>
    <property name="file.separator" value="/"/>
    <property name="line.separator" value="&#10;"/>
    <property name="java.vm.specification.vendor" value="Oracle Corporation"/>
    <property name="java.specification.name" value="Java Platform API Specification"/>
    <property name="java.awt.graphicsenv" value="sun.awt.X11GraphicsEnvironment"/>
    <property name="surefire.real.class.path" value="/home/suraj/eclipse-workspace/mavenProject/target/surefire/surefirebooter385892523991820172.jar"/>
    <property name="sun.boot.class.path" value="/usr/lib/jvm/java-8-openjdk-amd64/jre/lib/resources.jar:/usr/lib/jvm/java-8-openjdk-amd64/jre/lib/rt.jar:/usr/lib/jvm/java-8-openjdk-amd64/jre/lib/sunrsasign.jar:/usr/lib/jvm/java-8-openjdk-amd64/jre/lib/jsse.jar:/usr/lib/jvm/java-8-openjdk-amd64/jre/lib/jce.jar:/usr/lib/jvm/java-8-openjdk-amd64/jre/lib/charsets.jar:/usr/lib/jvm/java-8-openjdk-amd64/jre/lib/jfr.jar:/usr/lib/jvm/java-8-openjdk-amd64/jre/classes"/>
    <property name="sun.management.compiler" value="HotSpot 64-Bit Tiered Compilers"/>
    <property name="java.runtime.version" value="1.8.0_162-8u162-b12-0ubuntu0.16.04.2-b12"/>
    <property name="user.name" value="suraj"/>
    <property name="path.separator" value=":"/>
    <property name="os.version" value="4.13.0-38-generic"/>
    <property name="java.endorsed.dirs" value="/usr/lib/jvm/java-8-openjdk-amd64/jre/lib/endorsed"/>
    <property name="java.runtime.name" value="OpenJDK Runtime Environment"/>
    <property name="file.encoding" value="UTF-8"/>
    <property name="java.vm.name" value="OpenJDK 64-Bit Server VM"/>
    <property name="localRepository" value="/home/suraj/.m2/repository"/>
    <property name="java.vendor.url.bug" value="http://bugreport.sun.com/bugreport/"/>
    <property name="java.io.tmpdir" value="/tmp"/>
    <property name="java.version" value="1.8.0_162"/>
    <property name="user.dir" value="/home/suraj/eclipse-workspace/mavenProject"/>
    <property name="os.arch" value="amd64"/>
    <property name="java.vm.specification.name" value="Java Virtual Machine Specification"/>
    <property name="java.awt.printerjob" value="sun.print.PSPrinterJob"/>
    <property name="sun.os.patch.level" value="unknown"/>
    <property name="java.library.path" value="/usr/java/packages/lib/amd64:/usr/lib/x86_64-linux-gnu/jni:/lib/x86_64-linux-gnu:/usr/lib/x86_64-linux-gnu:/usr/lib/jni:/lib:/usr/lib"/>
    <property name="java.vm.info" value="mixed mode"/>
    <property name="java.vendor" value="Oracle Corporation"/>
    <property name="java.vm.version" value="25.162-b12"/>
    <property name="java.ext.dirs" value="/usr/lib/jvm/java-8-openjdk-amd64/jre/lib/ext:/usr/java/packages/lib/ext"/>
    <property name="sun.io.unicode.encoding" value="UnicodeLittle"/>
    <property name="java.class.version" value="52.0"/>
  </properties>
  <testcase name="verifyGooglePageTittle" classname="com.google.tests.GoogleHomePageTest" time="1.438">
    <failure message="expected [Login Form] but found [Apache Tomcat/7.0.85 - Error report]" type="java.lang.AssertionError">java.lang.AssertionError: expected [Login Form] but found [Apache Tomcat/7.0.85 - Error report]
	at com.google.tests.GoogleHomePageTest.verifyGooglePageTittle(GoogleHomePageTest.java:28)
</failure>
    <system-err><![CDATA[Starting ChromeDriver 2.35.528139 (47ead77cb35ad2a9a83248b292151462a66cd881) on port 15738
Only local connections are allowed.
]]></system-err>
  </testcase>
</testsuite>