<?xml version="1.0" encoding="UTF-8"?>
<!-- Generated by org.testng.reporters.JUnitReportReporter -->
<testsuite hostname="suraj-PC" name="com.google.tests.GoogleHomePageTest" tests="1" failures="0" timestamp="23 Mar 2018 05:48:36 GMT" time="5.996" errors="0">
  <testcase name="verifyGooglePageTittle" time="5.996" classname="com.google.tests.GoogleHomePageTest"/>
</testsuite> <!-- com.google.tests.GoogleHomePageTest -->
